
<root name="authlog">
<group name="pam">
  <rule id="5500" level="0" noalert="1">
    <decoded_as>pam</decoded_as>
    <description>Grouping of the pam_unix rules.</description>
  </rule>
</group>
<group name="auth,password,">

  <rule id="5556" level="0">
    <decoded_as>unix_chkpwd</decoded_as>
    <description>unix_chkpwd grouping.</description>
  </rule>

  <rule id="5557" level="5">
    <if_sid>5556</if_sid>
    <pcre2>password check failed </pcre2>
    <description>Password check failed.</description>
    <group>authentication_failure</group>
  </rule>
</group>
</root>